     0.000000 execve("/usr/bin/ls", ["ls"], [/* 47 vars */]) = 0
     0.000546 brk(0)                    = 0x198d000
     0.000083 access("/etc/ld.so.preload", R_OK) = -1 ENOENT (No such file or directory)
     0.000096 open("/etc/ld.so.cache", O_RDONLY|O_CLOEXEC) = 3
     0.000068 fstat(3, {st_mode=S_IFREG|0644, st_size=190116, ...}) = 0
     0.000056 mmap(NULL, 190116, PROT_READ, MAP_PRIVATE, 3, 0) = 0x7f6519c51000
     0.000044 close(3)                  = 0
     0.000055 open("/usr/lib/librt.so.1", O_RDONLY|O_CLOEXEC) = 3
     0.000047 read(3, "\177ELF\2\1\1\0\0\0\0\0\0\0\0\0\3\0>\0\1\0\0\0\320\"\0\0\0\0\0\0"..., 832) = 832
     0.000052 fstat(3, {st_mode=S_IFREG|0755, st_size=31776, ...}) = 0
     0.000043 mmap(NULL, 4096, PROT_READ|PROT_WRITE, MAP_PRIVATE|MAP_ANONYMOUS, -1, 0) = 0x7f6519c50000
     0.000048 mmap(NULL, 2128912, PROT_READ|PROT_EXEC, MAP_PRIVATE|MAP_DENYWRITE, 3, 0) = 0x7f6519857000
     0.000042 mprotect(0x7f651985e000, 2093056, PROT_NONE) = 0
     0.000044 mmap(0x7f6519a5d000, 8192, PROT_READ|PROT_WRITE, MAP_PRIVATE|MAP_FIXED|MAP_DENYWRITE, 3, 0x6000) = 0x7f6519a5d000
     0.000058 close(3)                  = 0
     0.000053 open("/usr/lib/libcap.so.2", O_RDONLY|O_CLOEXEC) = 3
     0.000048 read(3, "\177ELF\2\1\1\0\0\0\0\0\0\0\0\0\3\0>\0\1\0\0\0\0\25\0\0\0\0\0\0"..., 832) = 832
     0.000044 fstat(3, {st_mode=S_IFREG|0755, st_size=16776, ...}) = 0
     0.000043 mmap(NULL, 2111968, PROT_READ|PROT_EXEC, MAP_PRIVATE|MAP_DENYWRITE, 3, 0) = 0x7f6519653000
     0.000042 mprotect(0x7f6519657000, 2093056, PROT_NONE) = 0
     0.000043 mmap(0x7f6519856000, 4096, PROT_READ|PROT_WRITE, MAP_PRIVATE|MAP_FIXED|MAP_DENYWRITE, 3, 0x3000) = 0x7f6519856000
     0.000050 close(3)                  = 0
     0.000049 open("/usr/lib/libacl.so.1", O_RDONLY|O_CLOEXEC) = 3
     0.000048 read(3, "\177ELF\2\1\1\0\0\0\0\0\0\0\0\0\3\0>\0\1\0\0\0\200 \0\0\0\0\0\0"..., 832) = 832
     0.000044 fstat(3, {st_mode=S_IFREG|0755, st_size=35408, ...}) = 0
     0.000044 mmap(NULL, 2130560, PROT_READ|PROT_EXEC, MAP_PRIVATE|MAP_DENYWRITE, 3, 0) = 0x7f651944a000
     0.000042 mprotect(0x7f6519451000, 2097152, PROT_NONE) = 0
     0.000042 mmap(0x7f6519651000, 8192, PROT_READ|PROT_WRITE, MAP_PRIVATE|MAP_FIXED|MAP_DENYWRITE, 3, 0x7000) = 0x7f6519651000
     0.000054 close(3)                  = 0
     0.000047 open("/usr/lib/libc.so.6", O_RDONLY|O_CLOEXEC) = 3
     0.000047 read(3, "\177ELF\2\1\1\3\0\0\0\0\0\0\0\0\3\0>\0\1\0\0\0000\30\2\0\0\0\0\0"..., 832) = 832
     0.000044 fstat(3, {st_mode=S_IFREG|0755, st_size=2010709, ...}) = 0
     0.000042 mmap(NULL, 4096, PROT_READ|PROT_WRITE, MAP_PRIVATE|MAP_ANONYMOUS, -1, 0) = 0x7f6519c4f000
     0.000048 mmap(NULL, 3828848, PROT_READ|PROT_EXEC, MAP_PRIVATE|MAP_DENYWRITE, 3, 0) = 0x7f65190a3000
     0.000043 mprotect(0x7f6519240000, 2097152, PROT_NONE) = 0
     0.000040 mmap(0x7f6519440000, 24576, PROT_READ|PROT_WRITE, MAP_PRIVATE|MAP_FIXED|MAP_DENYWRITE, 3, 0x19d000) = 0x7f6519440000
     0.000051 mmap(0x7f6519446000, 15472, PROT_READ|PROT_WRITE, MAP_PRIVATE|MAP_FIXED|MAP_ANONYMOUS, -1, 0) = 0x7f6519446000
     0.000051 close(3)                  = 0
     0.000047 open("/usr/lib/libpthread.so.0", O_RDONLY|O_CLOEXEC) = 3
     0.000048 read(3, "\177ELF\2\1\1\0\0\0\0\0\0\0\0\0\3\0>\0\1\0\0\0@l\0\0\0\0\0\0"..., 832) = 832
     0.000044 fstat(3, {st_mode=S_IFREG|0755, st_size=138205, ...}) = 0
     0.000042 mmap(NULL, 2208672, PROT_READ|PROT_EXEC, MAP_PRIVATE|MAP_DENYWRITE, 3, 0) = 0x7f6518e87000
     0.000043 mprotect(0x7f6518e9e000, 2093056, PROT_NONE) = 0
     0.000042 mmap(0x7f651909d000, 8192, PROT_READ|PROT_WRITE, MAP_PRIVATE|MAP_FIXED|MAP_DENYWRITE, 3, 0x16000) = 0x7f651909d000
     0.000084 mmap(0x7f651909f000, 13216, PROT_READ|PROT_WRITE, MAP_PRIVATE|MAP_FIXED|MAP_ANONYMOUS, -1, 0) = 0x7f651909f000
     0.000060 close(3)                  = 0
     0.000046 open("/usr/lib/libattr.so.1", O_RDONLY|O_CLOEXEC) = 3
     0.000048 read(3, "\177ELF\2\1\1\0\0\0\0\0\0\0\0\0\3\0>\0\1\0\0\0 \24\0\0\0\0\0\0"..., 832) = 832
     0.000044 fstat(3, {st_mode=S_IFREG|0755, st_size=18760, ...}) = 0
     0.000042 mmap(NULL, 2113880, PROT_READ|PROT_EXEC, MAP_PRIVATE|MAP_DENYWRITE, 3, 0) = 0x7f6518c82000
     0.000051 mprotect(0x7f6518c86000, 2093056, PROT_NONE) = 0
     0.000042 mmap(0x7f6518e85000, 8192, PROT_READ|PROT_WRITE, MAP_PRIVATE|MAP_FIXED|MAP_DENYWRITE, 3, 0x3000) = 0x7f6518e85000
     0.000054 close(3)                  = 0
     0.000048 mmap(NULL, 4096, PROT_READ|PROT_WRITE, MAP_PRIVATE|MAP_ANONYMOUS, -1, 0) = 0x7f6519c4e000
     0.000063 mmap(NULL, 4096, PROT_READ|PROT_WRITE, MAP_PRIVATE|MAP_ANONYMOUS, -1, 0) = 0x7f6519c4d000
     0.000045 mmap(NULL, 4096, PROT_READ|PROT_WRITE, MAP_PRIVATE|MAP_ANONYMOUS, -1, 0) = 0x7f6519c4c000
     0.000045 arch_prctl(ARCH_SET_FS, 0x7f6519c4d700) = 0
     0.000133 mprotect(0x7f6519440000, 16384, PROT_READ) = 0
     0.000057 mprotect(0x7f6518e85000, 4096, PROT_READ) = 0
     0.000056 mprotect(0x7f651909d000, 4096, PROT_READ) = 0
     0.000050 mprotect(0x7f6519651000, 4096, PROT_READ) = 0
     0.000051 mprotect(0x7f6519a5d000, 4096, PROT_READ) = 0
     0.000049 mprotect(0x619000, 4096, PROT_READ) = 0
     0.000046 mprotect(0x7f6519c80000, 4096, PROT_READ) = 0
     0.000041 munmap(0x7f6519c51000, 190116) = 0
     0.000059 set_tid_address(0x7f6519c4d9d0) = 24872
     0.000039 set_robust_list(0x7f6519c4d9e0, 24) = 0
     0.000043 rt_sigaction(SIGRTMIN, {0x7f6518e8d7a0, [], SA_RESTORER|SA_SIGINFO, 0x7f6518e961a0}, NULL, 8) = 0
     0.000057 rt_sigaction(SIGRT_1, {0x7f6518e8d820, [], SA_RESTORER|SA_RESTART|SA_SIGINFO, 0x7f6518e961a0}, NULL, 8) = 0
     0.000042 rt_sigprocmask(SIG_UNBLOCK, [RTMIN RT_1], NULL, 8) = 0
     0.000048 getrlimit(RLIMIT_STACK, {rlim_cur=8192*1024, rlim_max=RLIM64_INFINITY}) = 0
     0.000167 brk(0)                    = 0x198d000
     0.000040 brk(0x19ae000)            = 0x19ae000
     0.000049 open("/usr/lib/locale/locale-archive", O_RDONLY|O_CLOEXEC) = 3
     0.000051 fstat(3, {st_mode=S_IFREG|0644, st_size=3115040, ...}) = 0
     0.000045 mmap(NULL, 3115040, PROT_READ, MAP_PRIVATE, 3, 0) = 0x7f6518989000
     0.000040 close(3)                  = 0
     0.000074 ioctl(1, SNDCTL_TMR_TIMEBASE or SNDRV_TIMER_IOCTL_NEXT_DEVICE or TCGETS, {B38400 opost isig icanon echo ...}) = 0
     0.000064 ioctl(1, TIOCGWINSZ, {ws_row=25, ws_col=81, ws_xpixel=0, ws_ypixel=0}) = 0
     0.000079 openat(AT_FDCWD, ".", O_RDONLY|O_NONBLOCK|O_DIRECTORY|O_CLOEXEC) = 3
     0.000055 getdents(3, /* 8 entries */, 32768) = 232
     0.000073 getdents(3, /* 0 entries */, 32768) = 0
     0.000042 close(3)                  = 0
     0.000076 fstat(1, {st_mode=S_IFCHR|0620, st_rdev=makedev(136, 1), ...}) = 0
     0.000047 mmap(NULL, 4096, PROT_READ|PROT_WRITE, MAP_PRIVATE|MAP_ANONYMOUS, -1, 0) = 0x7f6519c7f000
     0.000055 write(1, "A2cp  Ex4A1  ex4a2c  Ex4A2c  Ex4"..., 45) = 45
     0.000081 close(1)                  = 0
     0.000037 munmap(0x7f6519c7f000, 4096) = 0
     0.000046 close(2)                  = 0
     0.000055 exit_group(0)             = ?
     0.000141 +++ exited with 0 +++
